<?xml version="1.0" encoding="UTF-8"?>
<!-- Generated by org.testng.reporters.JUnitReportReporter -->
<testsuite hostname="XanSan-PC" failures="0" tests="1" name="com.nopcommerce.user.Suite_00_Check_Environment" time="0.049" errors="0" timestamp="15 Oct 2022 15:09:23 GMT" skipped="0">
  <testcase classname="com.nopcommerce.user.Suite_00_Check_Environment" name="TC_01_GetCurrentPageTitle" time="0.049"/>
</testsuite> <!-- com.nopcommerce.user.Suite_00_Check_Environment -->
